0 info it worked if it ends with ok
1 verbose cli [ '/home/alexa/.nvm/versions/node/v6.2.1/bin/node',
1 verbose cli   '/usr/local/bin/npm',
1 verbose cli   'i',
1 verbose cli   '-g',
1 verbose cli   'express-generator' ]
2 info using npm@3.10.6
3 info using node@v6.2.1
4 silly loadCurrentTree Starting
5 silly install loadCurrentTree
6 silly install readGlobalPackageData
7 silly fetchPackageMetaData express-generator
8 silly fetchNamedPackageData express-generator
9 silly mapToRegistry name express-generator
10 silly mapToRegistry using default registry
11 silly mapToRegistry registry https://registry.npmjs.org/
12 silly mapToRegistry data Result {
12 silly mapToRegistry   raw: 'express-generator',
12 silly mapToRegistry   scope: null,
12 silly mapToRegistry   escapedName: 'express-generator',
12 silly mapToRegistry   name: 'express-generator',
12 silly mapToRegistry   rawSpec: '',
12 silly mapToRegistry   spec: 'latest',
12 silly mapToRegistry   type: 'tag' }
13 silly mapToRegistry uri https://registry.npmjs.org/express-generator
14 verbose request uri https://registry.npmjs.org/express-generator
15 verbose request no auth needed
16 info attempt registry request try #1 at 7:25:08 PM
17 verbose request id 9e8910d24e082e36
18 verbose etag W/"58929bf2-95a1"
19 verbose lastModified Thu, 02 Feb 2017 02:39:46 GMT
20 http request GET https://registry.npmjs.org/express-generator
21 http 200 https://registry.npmjs.org/express-generator
22 verbose headers { server: 'nginx/1.10.1',
22 verbose headers   'content-type': 'application/json',
22 verbose headers   'last-modified': 'Sat, 01 Jul 2017 22:58:06 GMT',
22 verbose headers   etag: 'W/"595828fe-9f0e"',
22 verbose headers   'content-encoding': 'gzip',
22 verbose headers   'cache-control': 'max-age=300',
22 verbose headers   'content-length': '4799',
22 verbose headers   'accept-ranges': 'bytes',
22 verbose headers   date: 'Fri, 07 Jul 2017 00:25:09 GMT',
22 verbose headers   via: '1.1 varnish',
22 verbose headers   age: '0',
22 verbose headers   connection: 'keep-alive',
22 verbose headers   'x-served-by': 'cache-dfw1833-DFW',
22 verbose headers   'x-cache': 'HIT',
22 verbose headers   'x-cache-hits': '1',
22 verbose headers   'x-timer': 'S1499387109.410471,VS0,VE173',
22 verbose headers   vary: 'Accept-Encoding' }
23 silly get cb [ 200,
23 silly get   { server: 'nginx/1.10.1',
23 silly get     'content-type': 'application/json',
23 silly get     'last-modified': 'Sat, 01 Jul 2017 22:58:06 GMT',
23 silly get     etag: 'W/"595828fe-9f0e"',
23 silly get     'content-encoding': 'gzip',
23 silly get     'cache-control': 'max-age=300',
23 silly get     'content-length': '4799',
23 silly get     'accept-ranges': 'bytes',
23 silly get     date: 'Fri, 07 Jul 2017 00:25:09 GMT',
23 silly get     via: '1.1 varnish',
23 silly get     age: '0',
23 silly get     connection: 'keep-alive',
23 silly get     'x-served-by': 'cache-dfw1833-DFW',
23 silly get     'x-cache': 'HIT',
23 silly get     'x-cache-hits': '1',
23 silly get     'x-timer': 'S1499387109.410471,VS0,VE173',
23 silly get     vary: 'Accept-Encoding' } ]
24 verbose get saving express-generator to /home/alexa/.npm/registry.npmjs.org/express-generator/.cache.json
25 verbose correctMkdir /home/alexa/.npm correctMkdir not in flight; initializing
26 silly install normalizeTree
27 silly loadCurrentTree Finishing
28 silly loadIdealTree Starting
29 silly install loadIdealTree
30 silly cloneCurrentTree Starting
31 silly install cloneCurrentTreeToIdealTree
32 silly cloneCurrentTree Finishing
33 silly loadShrinkwrap Starting
34 silly install loadShrinkwrap
35 silly loadShrinkwrap Finishing
36 silly loadAllDepsIntoIdealTree Starting
37 silly install loadAllDepsIntoIdealTree
38 silly resolveWithNewModule express-generator@4.15.0 checking installable status
39 silly cache add args [ 'express-generator', null ]
40 verbose cache add spec express-generator
41 silly cache add parsed spec Result {
41 silly cache add   raw: 'express-generator',
41 silly cache add   scope: null,
41 silly cache add   escapedName: 'express-generator',
41 silly cache add   name: 'express-generator',
41 silly cache add   rawSpec: '',
41 silly cache add   spec: 'latest',
41 silly cache add   type: 'tag' }
42 silly addNamed express-generator@latest
43 verbose addNamed "latest" is being treated as a dist-tag for express-generator
44 info addNameTag [ 'express-generator', 'latest' ]
45 silly mapToRegistry name express-generator
46 silly mapToRegistry using default registry
47 silly mapToRegistry registry https://registry.npmjs.org/
48 silly mapToRegistry data Result {
48 silly mapToRegistry   raw: 'express-generator',
48 silly mapToRegistry   scope: null,
48 silly mapToRegistry   escapedName: 'express-generator',
48 silly mapToRegistry   name: 'express-generator',
48 silly mapToRegistry   rawSpec: '',
48 silly mapToRegistry   spec: 'latest',
48 silly mapToRegistry   type: 'tag' }
49 silly mapToRegistry uri https://registry.npmjs.org/express-generator
50 verbose addNameTag registry:https://registry.npmjs.org/express-generator not in flight; fetching
51 verbose get https://registry.npmjs.org/express-generator not expired, no request
52 silly addNameTag next cb for express-generator with tag latest
53 silly addNamed express-generator@4.15.0
54 verbose addNamed "4.15.0" is a plain semver version for express-generator
55 silly mapToRegistry name express-generator
56 silly mapToRegistry using default registry
57 silly mapToRegistry registry https://registry.npmjs.org/
58 silly mapToRegistry data Result {
58 silly mapToRegistry   raw: 'express-generator',
58 silly mapToRegistry   scope: null,
58 silly mapToRegistry   escapedName: 'express-generator',
58 silly mapToRegistry   name: 'express-generator',
58 silly mapToRegistry   rawSpec: '',
58 silly mapToRegistry   spec: 'latest',
58 silly mapToRegistry   type: 'tag' }
59 silly mapToRegistry uri https://registry.npmjs.org/express-generator
60 verbose addRemoteTarball https://registry.npmjs.org/express-generator/-/express-generator-4.15.0.tgz not in flight; adding
61 verbose addRemoteTarball [ 'https://registry.npmjs.org/express-generator/-/express-generator-4.15.0.tgz',
61 verbose addRemoteTarball   '81ba5ca8db9ceeaee281a08f5ad5c3f472430006' ]
62 info retry fetch attempt 1 at 7:25:10 PM
63 info attempt registry request try #1 at 7:25:10 PM
64 http fetch GET https://registry.npmjs.org/express-generator/-/express-generator-4.15.0.tgz
65 http fetch 200 https://registry.npmjs.org/express-generator/-/express-generator-4.15.0.tgz
66 silly fetchAndShaCheck shasum 81ba5ca8db9ceeaee281a08f5ad5c3f472430006
67 verbose addTmpTarball /tmp/npm-11961-e6426b5a/registry.npmjs.org/express-generator/-/express-generator-4.15.0.tgz not in flight; adding
68 verbose addTmpTarball already have metadata; skipping unpack for express-generator@4.15.0
69 verbose correctMkdir /home/alexa/.npm correctMkdir not in flight; initializing
70 silly cache afterAdd express-generator@4.15.0
71 verbose afterAdd /home/alexa/.npm/express-generator/4.15.0/package/package.json not in flight; writing
72 verbose correctMkdir /home/alexa/.npm correctMkdir not in flight; initializing
73 verbose afterAdd /home/alexa/.npm/express-generator/4.15.0/package/package.json written
74 silly fetchNamedPackageData commander
75 silly mapToRegistry name commander
76 silly mapToRegistry using default registry
77 silly mapToRegistry registry https://registry.npmjs.org/
78 silly mapToRegistry data Result {
78 silly mapToRegistry   raw: 'commander',
78 silly mapToRegistry   scope: null,
78 silly mapToRegistry   escapedName: 'commander',
78 silly mapToRegistry   name: 'commander',
78 silly mapToRegistry   rawSpec: '',
78 silly mapToRegistry   spec: 'latest',
78 silly mapToRegistry   type: 'tag' }
79 silly mapToRegistry uri https://registry.npmjs.org/commander
80 silly fetchNamedPackageData ejs
81 silly mapToRegistry name ejs
82 silly mapToRegistry using default registry
83 silly mapToRegistry registry https://registry.npmjs.org/
84 silly mapToRegistry data Result {
84 silly mapToRegistry   raw: 'ejs',
84 silly mapToRegistry   scope: null,
84 silly mapToRegistry   escapedName: 'ejs',
84 silly mapToRegistry   name: 'ejs',
84 silly mapToRegistry   rawSpec: '',
84 silly mapToRegistry   spec: 'latest',
84 silly mapToRegistry   type: 'tag' }
85 silly mapToRegistry uri https://registry.npmjs.org/ejs
86 silly fetchNamedPackageData mkdirp
87 silly mapToRegistry name mkdirp
88 silly mapToRegistry using default registry
89 silly mapToRegistry registry https://registry.npmjs.org/
90 silly mapToRegistry data Result {
90 silly mapToRegistry   raw: 'mkdirp',
90 silly mapToRegistry   scope: null,
90 silly mapToRegistry   escapedName: 'mkdirp',
90 silly mapToRegistry   name: 'mkdirp',
90 silly mapToRegistry   rawSpec: '',
90 silly mapToRegistry   spec: 'latest',
90 silly mapToRegistry   type: 'tag' }
91 silly mapToRegistry uri https://registry.npmjs.org/mkdirp
92 silly fetchNamedPackageData sorted-object
93 silly mapToRegistry name sorted-object
94 silly mapToRegistry using default registry
95 silly mapToRegistry registry https://registry.npmjs.org/
96 silly mapToRegistry data Result {
96 silly mapToRegistry   raw: 'sorted-object',
96 silly mapToRegistry   scope: null,
96 silly mapToRegistry   escapedName: 'sorted-object',
96 silly mapToRegistry   name: 'sorted-object',
96 silly mapToRegistry   rawSpec: '',
96 silly mapToRegistry   spec: 'latest',
96 silly mapToRegistry   type: 'tag' }
97 silly mapToRegistry uri https://registry.npmjs.org/sorted-object
98 verbose request uri https://registry.npmjs.org/commander
99 verbose request no auth needed
100 info attempt registry request try #1 at 7:25:10 PM
101 verbose etag W/"595395de-10c6e"
102 verbose lastModified Wed, 28 Jun 2017 11:41:18 GMT
103 http request GET https://registry.npmjs.org/commander
104 verbose request uri https://registry.npmjs.org/sorted-object
105 verbose request no auth needed
106 info attempt registry request try #1 at 7:25:10 PM
107 verbose etag W/"57d499b1-1545"
108 verbose lastModified Sat, 10 Sep 2016 23:39:29 GMT
109 http request GET https://registry.npmjs.org/sorted-object
110 verbose request uri https://registry.npmjs.org/mkdirp
111 verbose request no auth needed
112 info attempt registry request try #1 at 7:25:10 PM
113 verbose etag W/"5955c226-64d0"
114 verbose lastModified Fri, 30 Jun 2017 03:14:46 GMT
115 http request GET https://registry.npmjs.org/mkdirp
116 verbose request uri https://registry.npmjs.org/ejs
117 verbose request no auth needed
118 info attempt registry request try #1 at 7:25:10 PM
119 verbose etag "EK7ZHWH3B4U2Y1HE5P48XTPMP"
120 http request GET https://registry.npmjs.org/ejs
121 http 200 https://registry.npmjs.org/commander
122 verbose headers { server: 'nginx/1.10.1',
122 verbose headers   'content-type': 'application/json',
122 verbose headers   'last-modified': 'Thu, 06 Jul 2017 00:13:51 GMT',
122 verbose headers   etag: 'W/"595d80bf-11241"',
122 verbose headers   'content-encoding': 'gzip',
122 verbose headers   'cache-control': 'max-age=300',
122 verbose headers   'content-length': '13920',
122 verbose headers   'accept-ranges': 'bytes',
122 verbose headers   date: 'Fri, 07 Jul 2017 00:25:10 GMT',
122 verbose headers   via: '1.1 varnish',
122 verbose headers   age: '155',
122 verbose headers   connection: 'keep-alive',
122 verbose headers   'x-served-by': 'cache-dfw1833-DFW',
122 verbose headers   'x-cache': 'HIT',
122 verbose headers   'x-cache-hits': '5',
122 verbose headers   'x-timer': 'S1499387111.596655,VS0,VE0',
122 verbose headers   vary: 'Accept-Encoding' }
123 silly get cb [ 200,
123 silly get   { server: 'nginx/1.10.1',
123 silly get     'content-type': 'application/json',
123 silly get     'last-modified': 'Thu, 06 Jul 2017 00:13:51 GMT',
123 silly get     etag: 'W/"595d80bf-11241"',
123 silly get     'content-encoding': 'gzip',
123 silly get     'cache-control': 'max-age=300',
123 silly get     'content-length': '13920',
123 silly get     'accept-ranges': 'bytes',
123 silly get     date: 'Fri, 07 Jul 2017 00:25:10 GMT',
123 silly get     via: '1.1 varnish',
123 silly get     age: '155',
123 silly get     connection: 'keep-alive',
123 silly get     'x-served-by': 'cache-dfw1833-DFW',
123 silly get     'x-cache': 'HIT',
123 silly get     'x-cache-hits': '5',
123 silly get     'x-timer': 'S1499387111.596655,VS0,VE0',
123 silly get     vary: 'Accept-Encoding' } ]
124 verbose get saving commander to /home/alexa/.npm/registry.npmjs.org/commander/.cache.json
125 verbose correctMkdir /home/alexa/.npm correctMkdir not in flight; initializing
126 silly resolveWithNewModule commander@2.9.0 checking installable status
127 silly cache add args [ 'commander@2.9.0', null ]
128 verbose cache add spec commander@2.9.0
129 silly cache add parsed spec Result {
129 silly cache add   raw: 'commander@2.9.0',
129 silly cache add   scope: null,
129 silly cache add   escapedName: 'commander',
129 silly cache add   name: 'commander',
129 silly cache add   rawSpec: '2.9.0',
129 silly cache add   spec: '2.9.0',
129 silly cache add   type: 'version' }
130 silly addNamed commander@2.9.0
131 verbose addNamed "2.9.0" is a plain semver version for commander
132 silly mapToRegistry name commander
133 silly mapToRegistry using default registry
134 silly mapToRegistry registry https://registry.npmjs.org/
135 silly mapToRegistry data Result {
135 silly mapToRegistry   raw: 'commander',
135 silly mapToRegistry   scope: null,
135 silly mapToRegistry   escapedName: 'commander',
135 silly mapToRegistry   name: 'commander',
135 silly mapToRegistry   rawSpec: '',
135 silly mapToRegistry   spec: 'latest',
135 silly mapToRegistry   type: 'tag' }
136 silly mapToRegistry uri https://registry.npmjs.org/commander
137 verbose addNameVersion registry:https://registry.npmjs.org/commander not in flight; fetching
138 verbose get https://registry.npmjs.org/commander not expired, no request
139 http 304 https://registry.npmjs.org/sorted-object
140 verbose headers { date: 'Fri, 07 Jul 2017 00:25:10 GMT',
140 verbose headers   via: '1.1 varnish',
140 verbose headers   'cache-control': 'max-age=300',
140 verbose headers   etag: 'W/"57d499b1-1545"',
140 verbose headers   age: '296',
140 verbose headers   connection: 'keep-alive',
140 verbose headers   'x-served-by': 'cache-dfw1846-DFW',
140 verbose headers   'x-cache': 'HIT',
140 verbose headers   'x-cache-hits': '1',
140 verbose headers   'x-timer': 'S1499387111.696356,VS0,VE0',
140 verbose headers   vary: 'Accept-Encoding' }
141 silly get cb [ 304,
141 silly get   { date: 'Fri, 07 Jul 2017 00:25:10 GMT',
141 silly get     via: '1.1 varnish',
141 silly get     'cache-control': 'max-age=300',
141 silly get     etag: 'W/"57d499b1-1545"',
141 silly get     age: '296',
141 silly get     connection: 'keep-alive',
141 silly get     'x-served-by': 'cache-dfw1846-DFW',
141 silly get     'x-cache': 'HIT',
141 silly get     'x-cache-hits': '1',
141 silly get     'x-timer': 'S1499387111.696356,VS0,VE0',
141 silly get     vary: 'Accept-Encoding' } ]
142 verbose etag https://registry.npmjs.org/sorted-object from cache
143 verbose get saving sorted-object to /home/alexa/.npm/registry.npmjs.org/sorted-object/.cache.json
144 verbose correctMkdir /home/alexa/.npm correctMkdir not in flight; initializing
145 silly resolveWithNewModule sorted-object@2.0.1 checking installable status
146 silly cache add args [ 'sorted-object@2.0.1', null ]
147 verbose cache add spec sorted-object@2.0.1
148 silly cache add parsed spec Result {
148 silly cache add   raw: 'sorted-object@2.0.1',
148 silly cache add   scope: null,
148 silly cache add   escapedName: 'sorted-object',
148 silly cache add   name: 'sorted-object',
148 silly cache add   rawSpec: '2.0.1',
148 silly cache add   spec: '2.0.1',
148 silly cache add   type: 'version' }
149 silly addNamed sorted-object@2.0.1
150 verbose addNamed "2.0.1" is a plain semver version for sorted-object
151 silly mapToRegistry name sorted-object
152 silly mapToRegistry using default registry
153 silly mapToRegistry registry https://registry.npmjs.org/
154 silly mapToRegistry data Result {
154 silly mapToRegistry   raw: 'sorted-object',
154 silly mapToRegistry   scope: null,
154 silly mapToRegistry   escapedName: 'sorted-object',
154 silly mapToRegistry   name: 'sorted-object',
154 silly mapToRegistry   rawSpec: '',
154 silly mapToRegistry   spec: 'latest',
154 silly mapToRegistry   type: 'tag' }
155 silly mapToRegistry uri https://registry.npmjs.org/sorted-object
156 verbose addNameVersion registry:https://registry.npmjs.org/sorted-object not in flight; fetching
157 http 200 https://registry.npmjs.org/ejs
158 verbose headers { server: 'nginx/1.10.1',
158 verbose headers   'content-type': 'application/json',
158 verbose headers   'last-modified': 'Wed, 05 Jul 2017 21:28:47 GMT',
158 verbose headers   etag: 'W/"595d5a0f-10b10"',
158 verbose headers   'content-encoding': 'gzip',
158 verbose headers   'cache-control': 'max-age=300',
158 verbose headers   'content-length': '10894',
158 verbose headers   'accept-ranges': 'bytes',
158 verbose headers   date: 'Fri, 07 Jul 2017 00:25:10 GMT',
158 verbose headers   via: '1.1 varnish',
158 verbose headers   age: '178',
158 verbose headers   connection: 'keep-alive',
158 verbose headers   'x-served-by': 'cache-dfw1823-DFW',
158 verbose headers   'x-cache': 'HIT',
158 verbose headers   'x-cache-hits': '1',
158 verbose headers   'x-timer': 'S1499387111.696366,VS0,VE1',
158 verbose headers   vary: 'Accept-Encoding' }
159 silly get cb [ 200,
159 silly get   { server: 'nginx/1.10.1',
159 silly get     'content-type': 'application/json',
159 silly get     'last-modified': 'Wed, 05 Jul 2017 21:28:47 GMT',
159 silly get     etag: 'W/"595d5a0f-10b10"',
159 silly get     'content-encoding': 'gzip',
159 silly get     'cache-control': 'max-age=300',
159 silly get     'content-length': '10894',
159 silly get     'accept-ranges': 'bytes',
159 silly get     date: 'Fri, 07 Jul 2017 00:25:10 GMT',
159 silly get     via: '1.1 varnish',
159 silly get     age: '178',
159 silly get     connection: 'keep-alive',
159 silly get     'x-served-by': 'cache-dfw1823-DFW',
159 silly get     'x-cache': 'HIT',
159 silly get     'x-cache-hits': '1',
159 silly get     'x-timer': 'S1499387111.696366,VS0,VE1',
159 silly get     vary: 'Accept-Encoding' } ]
160 verbose get saving ejs to /home/alexa/.npm/registry.npmjs.org/ejs/.cache.json
161 verbose correctMkdir /home/alexa/.npm correctMkdir not in flight; initializing
162 http 200 https://registry.npmjs.org/mkdirp
163 verbose headers { server: 'nginx/1.10.1',
163 verbose headers   'content-type': 'application/json',
163 verbose headers   'last-modified': 'Thu, 06 Jul 2017 00:14:13 GMT',
163 verbose headers   etag: 'W/"595d80d5-649e"',
163 verbose headers   'content-encoding': 'gzip',
163 verbose headers   'cache-control': 'max-age=300',
163 verbose headers   'content-length': '5048',
163 verbose headers   'accept-ranges': 'bytes',
163 verbose headers   date: 'Fri, 07 Jul 2017 00:25:10 GMT',
163 verbose headers   via: '1.1 varnish',
163 verbose headers   age: '181',
163 verbose headers   connection: 'keep-alive',
163 verbose headers   'x-served-by': 'cache-dfw1845-DFW',
163 verbose headers   'x-cache': 'HIT',
163 verbose headers   'x-cache-hits': '8',
163 verbose headers   'x-timer': 'S1499387111.696338,VS0,VE0',
163 verbose headers   vary: 'Accept-Encoding' }
164 silly get cb [ 200,
164 silly get   { server: 'nginx/1.10.1',
164 silly get     'content-type': 'application/json',
164 silly get     'last-modified': 'Thu, 06 Jul 2017 00:14:13 GMT',
164 silly get     etag: 'W/"595d80d5-649e"',
164 silly get     'content-encoding': 'gzip',
164 silly get     'cache-control': 'max-age=300',
164 silly get     'content-length': '5048',
164 silly get     'accept-ranges': 'bytes',
164 silly get     date: 'Fri, 07 Jul 2017 00:25:10 GMT',
164 silly get     via: '1.1 varnish',
164 silly get     age: '181',
164 silly get     connection: 'keep-alive',
164 silly get     'x-served-by': 'cache-dfw1845-DFW',
164 silly get     'x-cache': 'HIT',
164 silly get     'x-cache-hits': '8',
164 silly get     'x-timer': 'S1499387111.696338,VS0,VE0',
164 silly get     vary: 'Accept-Encoding' } ]
165 verbose get saving mkdirp to /home/alexa/.npm/registry.npmjs.org/mkdirp/.cache.json
166 verbose correctMkdir /home/alexa/.npm correctMkdir not in flight; initializing
167 verbose get https://registry.npmjs.org/sorted-object not expired, no request
168 silly resolveWithNewModule mkdirp@0.5.1 checking installable status
169 silly cache add args [ 'mkdirp@0.5.1', null ]
170 verbose cache add spec mkdirp@0.5.1
171 silly cache add parsed spec Result {
171 silly cache add   raw: 'mkdirp@0.5.1',
171 silly cache add   scope: null,
171 silly cache add   escapedName: 'mkdirp',
171 silly cache add   name: 'mkdirp',
171 silly cache add   rawSpec: '0.5.1',
171 silly cache add   spec: '0.5.1',
171 silly cache add   type: 'version' }
172 silly addNamed mkdirp@0.5.1
173 verbose addNamed "0.5.1" is a plain semver version for mkdirp
174 silly mapToRegistry name mkdirp
175 silly mapToRegistry using default registry
176 silly mapToRegistry registry https://registry.npmjs.org/
177 silly mapToRegistry data Result {
177 silly mapToRegistry   raw: 'mkdirp',
177 silly mapToRegistry   scope: null,
177 silly mapToRegistry   escapedName: 'mkdirp',
177 silly mapToRegistry   name: 'mkdirp',
177 silly mapToRegistry   rawSpec: '',
177 silly mapToRegistry   spec: 'latest',
177 silly mapToRegistry   type: 'tag' }
178 silly mapToRegistry uri https://registry.npmjs.org/mkdirp
179 verbose addNameVersion registry:https://registry.npmjs.org/mkdirp not in flight; fetching
180 verbose get https://registry.npmjs.org/mkdirp not expired, no request
181 silly cache afterAdd commander@2.9.0
182 verbose afterAdd /home/alexa/.npm/commander/2.9.0/package/package.json not in flight; writing
183 verbose correctMkdir /home/alexa/.npm correctMkdir not in flight; initializing
184 verbose afterAdd /home/alexa/.npm/commander/2.9.0/package/package.json written
185 silly resolveWithNewModule ejs@2.5.6 checking installable status
186 silly cache add args [ 'ejs@2.5.6', null ]
187 verbose cache add spec ejs@2.5.6
188 silly cache add parsed spec Result {
188 silly cache add   raw: 'ejs@2.5.6',
188 silly cache add   scope: null,
188 silly cache add   escapedName: 'ejs',
188 silly cache add   name: 'ejs',
188 silly cache add   rawSpec: '2.5.6',
188 silly cache add   spec: '2.5.6',
188 silly cache add   type: 'version' }
189 silly addNamed ejs@2.5.6
190 verbose addNamed "2.5.6" is a plain semver version for ejs
191 silly mapToRegistry name ejs
192 silly mapToRegistry using default registry
193 silly mapToRegistry registry https://registry.npmjs.org/
194 silly mapToRegistry data Result {
194 silly mapToRegistry   raw: 'ejs',
194 silly mapToRegistry   scope: null,
194 silly mapToRegistry   escapedName: 'ejs',
194 silly mapToRegistry   name: 'ejs',
194 silly mapToRegistry   rawSpec: '',
194 silly mapToRegistry   spec: 'latest',
194 silly mapToRegistry   type: 'tag' }
195 silly mapToRegistry uri https://registry.npmjs.org/ejs
196 verbose addNameVersion registry:https://registry.npmjs.org/ejs not in flight; fetching
197 verbose get https://registry.npmjs.org/ejs not expired, no request
198 silly cache afterAdd sorted-object@2.0.1
199 verbose afterAdd /home/alexa/.npm/sorted-object/2.0.1/package/package.json not in flight; writing
200 verbose correctMkdir /home/alexa/.npm correctMkdir not in flight; initializing
201 silly cache afterAdd mkdirp@0.5.1
202 verbose afterAdd /home/alexa/.npm/mkdirp/0.5.1/package/package.json not in flight; writing
203 verbose correctMkdir /home/alexa/.npm correctMkdir not in flight; initializing
204 verbose afterAdd /home/alexa/.npm/sorted-object/2.0.1/package/package.json written
205 verbose afterAdd /home/alexa/.npm/mkdirp/0.5.1/package/package.json written
206 silly mapToRegistry name ejs
207 silly mapToRegistry using default registry
208 silly mapToRegistry registry https://registry.npmjs.org/
209 silly mapToRegistry data Result {
209 silly mapToRegistry   raw: 'ejs',
209 silly mapToRegistry   scope: null,
209 silly mapToRegistry   escapedName: 'ejs',
209 silly mapToRegistry   name: 'ejs',
209 silly mapToRegistry   rawSpec: '',
209 silly mapToRegistry   spec: 'latest',
209 silly mapToRegistry   type: 'tag' }
210 silly mapToRegistry uri https://registry.npmjs.org/ejs
211 verbose addRemoteTarball https://registry.npmjs.org/ejs/-/ejs-2.5.6.tgz not in flight; adding
212 verbose addRemoteTarball [ 'https://registry.npmjs.org/ejs/-/ejs-2.5.6.tgz',
212 verbose addRemoteTarball   '479636bfa3fe3b1debd52087f0acb204b4f19c88' ]
213 info retry fetch attempt 1 at 7:25:10 PM
214 info attempt registry request try #1 at 7:25:10 PM
215 http fetch GET https://registry.npmjs.org/ejs/-/ejs-2.5.6.tgz
216 http fetch 200 https://registry.npmjs.org/ejs/-/ejs-2.5.6.tgz
217 silly fetchAndShaCheck shasum 479636bfa3fe3b1debd52087f0acb204b4f19c88
218 verbose addTmpTarball /tmp/npm-11961-e6426b5a/registry.npmjs.org/ejs/-/ejs-2.5.6.tgz not in flight; adding
219 verbose addTmpTarball already have metadata; skipping unpack for ejs@2.5.6
220 verbose correctMkdir /home/alexa/.npm correctMkdir not in flight; initializing
221 silly cache afterAdd ejs@2.5.6
222 verbose afterAdd /home/alexa/.npm/ejs/2.5.6/package/package.json not in flight; writing
223 verbose correctMkdir /home/alexa/.npm correctMkdir not in flight; initializing
224 verbose afterAdd /home/alexa/.npm/ejs/2.5.6/package/package.json written
225 silly fetchNamedPackageData graceful-readlink
226 silly mapToRegistry name graceful-readlink
227 silly mapToRegistry using default registry
228 silly mapToRegistry registry https://registry.npmjs.org/
229 silly mapToRegistry data Result {
229 silly mapToRegistry   raw: 'graceful-readlink',
229 silly mapToRegistry   scope: null,
229 silly mapToRegistry   escapedName: 'graceful-readlink',
229 silly mapToRegistry   name: 'graceful-readlink',
229 silly mapToRegistry   rawSpec: '',
229 silly mapToRegistry   spec: 'latest',
229 silly mapToRegistry   type: 'tag' }
230 silly mapToRegistry uri https://registry.npmjs.org/graceful-readlink
231 verbose request uri https://registry.npmjs.org/graceful-readlink
232 verbose request no auth needed
233 info attempt registry request try #1 at 7:25:11 PM
234 verbose etag W/"585ef90e-c1b"
235 verbose lastModified Sat, 24 Dec 2016 22:39:10 GMT
236 http request GET https://registry.npmjs.org/graceful-readlink
237 http 304 https://registry.npmjs.org/graceful-readlink
238 verbose headers { date: 'Fri, 07 Jul 2017 00:25:11 GMT',
238 verbose headers   via: '1.1 varnish',
238 verbose headers   'cache-control': 'max-age=300',
238 verbose headers   etag: 'W/"585ef90e-c1b"',
238 verbose headers   age: '208',
238 verbose headers   connection: 'keep-alive',
238 verbose headers   'x-served-by': 'cache-dfw1846-DFW',
238 verbose headers   'x-cache': 'HIT',
238 verbose headers   'x-cache-hits': '4',
238 verbose headers   'x-timer': 'S1499387111.300706,VS0,VE0',
238 verbose headers   vary: 'Accept-Encoding' }
239 silly get cb [ 304,
239 silly get   { date: 'Fri, 07 Jul 2017 00:25:11 GMT',
239 silly get     via: '1.1 varnish',
239 silly get     'cache-control': 'max-age=300',
239 silly get     etag: 'W/"585ef90e-c1b"',
239 silly get     age: '208',
239 silly get     connection: 'keep-alive',
239 silly get     'x-served-by': 'cache-dfw1846-DFW',
239 silly get     'x-cache': 'HIT',
239 silly get     'x-cache-hits': '4',
239 silly get     'x-timer': 'S1499387111.300706,VS0,VE0',
239 silly get     vary: 'Accept-Encoding' } ]
240 verbose etag https://registry.npmjs.org/graceful-readlink from cache
241 verbose get saving graceful-readlink to /home/alexa/.npm/registry.npmjs.org/graceful-readlink/.cache.json
242 verbose correctMkdir /home/alexa/.npm correctMkdir not in flight; initializing
243 silly resolveWithNewModule graceful-readlink@1.0.1 checking installable status
244 silly cache add args [ 'graceful-readlink@>= 1.0.0', null ]
245 verbose cache add spec graceful-readlink@>= 1.0.0
246 silly cache add parsed spec Result {
246 silly cache add   raw: 'graceful-readlink@>= 1.0.0',
246 silly cache add   scope: null,
246 silly cache add   escapedName: 'graceful-readlink',
246 silly cache add   name: 'graceful-readlink',
246 silly cache add   rawSpec: '>= 1.0.0',
246 silly cache add   spec: '>=1.0.0',
246 silly cache add   type: 'range' }
247 silly addNamed graceful-readlink@>=1.0.0
248 verbose addNamed ">=1.0.0" is a valid semver range for graceful-readlink
249 silly addNameRange { name: 'graceful-readlink', range: '>=1.0.0', hasData: false }
250 silly mapToRegistry name graceful-readlink
251 silly mapToRegistry using default registry
252 silly mapToRegistry registry https://registry.npmjs.org/
253 silly mapToRegistry data Result {
253 silly mapToRegistry   raw: 'graceful-readlink',
253 silly mapToRegistry   scope: null,
253 silly mapToRegistry   escapedName: 'graceful-readlink',
253 silly mapToRegistry   name: 'graceful-readlink',
253 silly mapToRegistry   rawSpec: '',
253 silly mapToRegistry   spec: 'latest',
253 silly mapToRegistry   type: 'tag' }
254 silly mapToRegistry uri https://registry.npmjs.org/graceful-readlink
255 verbose addNameRange registry:https://registry.npmjs.org/graceful-readlink not in flight; fetching
256 verbose get https://registry.npmjs.org/graceful-readlink not expired, no request
257 silly addNameRange number 2 { name: 'graceful-readlink', range: '>=1.0.0', hasData: true }
258 silly addNameRange versions [ 'graceful-readlink', [ '1.0.0', '1.0.1' ] ]
259 silly addNamed graceful-readlink@1.0.1
260 verbose addNamed "1.0.1" is a plain semver version for graceful-readlink
261 silly cache afterAdd graceful-readlink@1.0.1
262 verbose afterAdd /home/alexa/.npm/graceful-readlink/1.0.1/package/package.json not in flight; writing
263 verbose correctMkdir /home/alexa/.npm correctMkdir not in flight; initializing
264 verbose afterAdd /home/alexa/.npm/graceful-readlink/1.0.1/package/package.json written
265 silly fetchNamedPackageData minimist
266 silly mapToRegistry name minimist
267 silly mapToRegistry using default registry
268 silly mapToRegistry registry https://registry.npmjs.org/
269 silly mapToRegistry data Result {
269 silly mapToRegistry   raw: 'minimist',
269 silly mapToRegistry   scope: null,
269 silly mapToRegistry   escapedName: 'minimist',
269 silly mapToRegistry   name: 'minimist',
269 silly mapToRegistry   rawSpec: '',
269 silly mapToRegistry   spec: 'latest',
269 silly mapToRegistry   type: 'tag' }
270 silly mapToRegistry uri https://registry.npmjs.org/minimist
271 verbose request uri https://registry.npmjs.org/minimist
272 verbose request no auth needed
273 info attempt registry request try #1 at 7:25:11 PM
274 verbose etag W/"595242fb-7638"
275 verbose lastModified Tue, 27 Jun 2017 11:35:23 GMT
276 http request GET https://registry.npmjs.org/minimist
277 http 200 https://registry.npmjs.org/minimist
278 verbose headers { server: 'nginx/1.10.1',
278 verbose headers   'content-type': 'application/json',
278 verbose headers   'last-modified': 'Tue, 04 Jul 2017 14:51:47 GMT',
278 verbose headers   etag: 'W/"595bab83-7624"',
278 verbose headers   'content-encoding': 'gzip',
278 verbose headers   'cache-control': 'max-age=300',
278 verbose headers   'content-length': '5850',
278 verbose headers   'accept-ranges': 'bytes',
278 verbose headers   date: 'Fri, 07 Jul 2017 00:25:11 GMT',
278 verbose headers   via: '1.1 varnish',
278 verbose headers   age: '196',
278 verbose headers   connection: 'keep-alive',
278 verbose headers   'x-served-by': 'cache-dfw1823-DFW',
278 verbose headers   'x-cache': 'HIT',
278 verbose headers   'x-cache-hits': '12',
278 verbose headers   'x-timer': 'S1499387111.436950,VS0,VE0',
278 verbose headers   vary: 'Accept-Encoding' }
279 silly get cb [ 200,
279 silly get   { server: 'nginx/1.10.1',
279 silly get     'content-type': 'application/json',
279 silly get     'last-modified': 'Tue, 04 Jul 2017 14:51:47 GMT',
279 silly get     etag: 'W/"595bab83-7624"',
279 silly get     'content-encoding': 'gzip',
279 silly get     'cache-control': 'max-age=300',
279 silly get     'content-length': '5850',
279 silly get     'accept-ranges': 'bytes',
279 silly get     date: 'Fri, 07 Jul 2017 00:25:11 GMT',
279 silly get     via: '1.1 varnish',
279 silly get     age: '196',
279 silly get     connection: 'keep-alive',
279 silly get     'x-served-by': 'cache-dfw1823-DFW',
279 silly get     'x-cache': 'HIT',
279 silly get     'x-cache-hits': '12',
279 silly get     'x-timer': 'S1499387111.436950,VS0,VE0',
279 silly get     vary: 'Accept-Encoding' } ]
280 verbose get saving minimist to /home/alexa/.npm/registry.npmjs.org/minimist/.cache.json
281 verbose correctMkdir /home/alexa/.npm correctMkdir not in flight; initializing
282 silly resolveWithNewModule minimist@0.0.8 checking installable status
283 silly cache add args [ 'minimist@0.0.8', null ]
284 verbose cache add spec minimist@0.0.8
285 silly cache add parsed spec Result {
285 silly cache add   raw: 'minimist@0.0.8',
285 silly cache add   scope: null,
285 silly cache add   escapedName: 'minimist',
285 silly cache add   name: 'minimist',
285 silly cache add   rawSpec: '0.0.8',
285 silly cache add   spec: '0.0.8',
285 silly cache add   type: 'version' }
286 silly addNamed minimist@0.0.8
287 verbose addNamed "0.0.8" is a plain semver version for minimist
288 silly mapToRegistry name minimist
289 silly mapToRegistry using default registry
290 silly mapToRegistry registry https://registry.npmjs.org/
291 silly mapToRegistry data Result {
291 silly mapToRegistry   raw: 'minimist',
291 silly mapToRegistry   scope: null,
291 silly mapToRegistry   escapedName: 'minimist',
291 silly mapToRegistry   name: 'minimist',
291 silly mapToRegistry   rawSpec: '',
291 silly mapToRegistry   spec: 'latest',
291 silly mapToRegistry   type: 'tag' }
292 silly mapToRegistry uri https://registry.npmjs.org/minimist
293 verbose addNameVersion registry:https://registry.npmjs.org/minimist not in flight; fetching
294 verbose get https://registry.npmjs.org/minimist not expired, no request
295 silly cache afterAdd minimist@0.0.8
296 verbose afterAdd /home/alexa/.npm/minimist/0.0.8/package/package.json not in flight; writing
297 verbose correctMkdir /home/alexa/.npm correctMkdir not in flight; initializing
298 verbose afterAdd /home/alexa/.npm/minimist/0.0.8/package/package.json written
299 silly loadAllDepsIntoIdealTree Finishing
300 silly loadIdealTree Finishing
301 silly currentTree lib
301 silly currentTree └─┬ express-generator@4.14.1
301 silly currentTree   ├── commander@2.9.0
301 silly currentTree   ├── graceful-readlink@1.0.1
301 silly currentTree   ├── minimist@0.0.8
301 silly currentTree   ├── mkdirp@0.5.1
301 silly currentTree   └── sorted-object@2.0.1
302 silly idealTree lib
302 silly idealTree └─┬ express-generator@4.15.0
302 silly idealTree   ├── commander@2.9.0
302 silly idealTree   ├── ejs@2.5.6
302 silly idealTree   ├── graceful-readlink@1.0.1
302 silly idealTree   ├── minimist@0.0.8
302 silly idealTree   ├── mkdirp@0.5.1
302 silly idealTree   └── sorted-object@2.0.1
303 silly generateActionsToTake Starting
304 silly install generateActionsToTake
305 silly generateActionsToTake Finishing
306 silly diffTrees action count 2
307 silly diffTrees add ejs@2.5.6
308 silly diffTrees update express-generator@4.15.0
309 silly decomposeActions action count 16
310 silly decomposeActions fetch ejs@2.5.6
311 silly decomposeActions extract ejs@2.5.6
312 silly decomposeActions test ejs@2.5.6
313 silly decomposeActions preinstall ejs@2.5.6
314 silly decomposeActions build ejs@2.5.6
315 silly decomposeActions install ejs@2.5.6
316 silly decomposeActions postinstall ejs@2.5.6
317 silly decomposeActions finalize ejs@2.5.6
318 silly decomposeActions fetch express-generator@4.15.0
319 silly decomposeActions extract express-generator@4.15.0
320 silly decomposeActions test express-generator@4.15.0
321 silly decomposeActions preinstall express-generator@4.15.0
322 silly decomposeActions build express-generator@4.15.0
323 silly decomposeActions install express-generator@4.15.0
324 silly decomposeActions postinstall express-generator@4.15.0
325 silly decomposeActions finalize express-generator@4.15.0
326 silly executeActions Starting
327 silly install executeActions
328 silly doSerial global-install 0
329 silly doParallel fetch 2
330 verbose correctMkdir /home/alexa/.npm/_locks correctMkdir not in flight; initializing
331 verbose lock using /home/alexa/.npm/_locks/staging-63b6e79427f51e2e.lock for /home/alexa/.nvm/versions/node/v6.2.1/lib/node_modules/.staging
332 silly doParallel extract 2
333 silly extract ejs@2.5.6
334 silly extract express-generator@4.15.0
335 verbose unbuild lib/node_modules/.staging/ejs-7dd9fbd2
336 verbose unbuild lib/node_modules/.staging/express-generator-49deb265
337 silly gentlyRm /home/alexa/.nvm/versions/node/v6.2.1/lib/node_modules/.staging/ejs-7dd9fbd2 is being purged from base /home/alexa/.nvm/versions/node/v6.2.1
338 verbose gentlyRm don't care about contents; nuking /home/alexa/.nvm/versions/node/v6.2.1/lib/node_modules/.staging/ejs-7dd9fbd2
339 verbose tar unpack /home/alexa/.npm/ejs/2.5.6/package.tgz
340 verbose tar unpacking to /home/alexa/.nvm/versions/node/v6.2.1/lib/node_modules/.staging/ejs-7dd9fbd2
341 silly gentlyRm /home/alexa/.nvm/versions/node/v6.2.1/lib/node_modules/.staging/ejs-7dd9fbd2 is being purged
342 verbose gentlyRm don't care about contents; nuking /home/alexa/.nvm/versions/node/v6.2.1/lib/node_modules/.staging/ejs-7dd9fbd2
343 silly gentlyRm /home/alexa/.nvm/versions/node/v6.2.1/lib/node_modules/.staging/express-generator-49deb265 is being purged from base /home/alexa/.nvm/versions/node/v6.2.1
344 verbose gentlyRm don't care about contents; nuking /home/alexa/.nvm/versions/node/v6.2.1/lib/node_modules/.staging/express-generator-49deb265
345 silly gunzTarPerm modes [ '775', '664' ]
346 verbose tar unpack /home/alexa/.npm/express-generator/4.15.0/package.tgz
347 verbose tar unpacking to /home/alexa/.nvm/versions/node/v6.2.1/lib/node_modules/.staging/express-generator-49deb265
348 silly gentlyRm /home/alexa/.nvm/versions/node/v6.2.1/lib/node_modules/.staging/express-generator-49deb265 is being purged
349 verbose gentlyRm don't care about contents; nuking /home/alexa/.nvm/versions/node/v6.2.1/lib/node_modules/.staging/express-generator-49deb265
350 silly gunzTarPerm modes [ '775', '664' ]
351 silly gunzTarPerm extractEntry
352 silly gunzTarPerm modified mode [ '', 493, 509 ]
353 silly gunzTarPerm extractEntry package.json
354 silly gunzTarPerm modified mode [ 'package.json', 438, 436 ]
355 silly gunzTarPerm extractEntry README.md
356 silly gunzTarPerm modified mode [ 'README.md', 438, 436 ]
357 silly gunzTarPerm extractEntry LICENSE
358 silly gunzTarPerm modified mode [ 'LICENSE', 438, 436 ]
359 silly gunzTarPerm extractEntry ejs.js
360 silly gunzTarPerm modified mode [ 'ejs.js', 420, 436 ]
361 silly gunzTarPerm extractEntry ejs.min.js
362 silly gunzTarPerm modified mode [ 'ejs.min.js', 420, 436 ]
363 silly gunzTarPerm extractEntry Jakefile
364 silly gunzTarPerm modified mode [ 'Jakefile', 420, 436 ]
365 silly gunzTarPerm extractEntry lib/
366 silly gunzTarPerm modified mode [ 'lib/', 493, 509 ]
367 silly gunzTarPerm extractEntry LICENSE
368 silly gunzTarPerm modified mode [ 'LICENSE', 420, 436 ]
369 silly gunzTarPerm extractEntry package.json
370 silly gunzTarPerm modified mode [ 'package.json', 420, 436 ]
371 silly gunzTarPerm extractEntry bin/express-cli.js
372 silly gunzTarPerm modified mode [ 'bin/express-cli.js', 438, 436 ]
373 silly gunzTarPerm extractEntry templates/css/style.css
374 silly gunzTarPerm modified mode [ 'templates/css/style.css', 438, 436 ]
375 silly gunzTarPerm extractEntry templates/css/style.less
376 silly gunzTarPerm modified mode [ 'templates/css/style.less', 438, 436 ]
377 silly gunzTarPerm extractEntry templates/css/style.sass
378 silly gunzTarPerm modified mode [ 'templates/css/style.sass', 438, 436 ]
379 silly gunzTarPerm extractEntry templates/css/style.scss
380 silly gunzTarPerm modified mode [ 'templates/css/style.scss', 438, 436 ]
381 silly gunzTarPerm extractEntry templates/css/style.styl
382 silly gunzTarPerm modified mode [ 'templates/css/style.styl', 438, 436 ]
383 silly gunzTarPerm extractEntry templates/dust/error.dust
384 silly gunzTarPerm modified mode [ 'templates/dust/error.dust', 438, 436 ]
385 silly gunzTarPerm extractEntry templates/dust/index.dust
386 silly gunzTarPerm modified mode [ 'templates/dust/index.dust', 438, 436 ]
387 silly gunzTarPerm extractEntry templates/ejs/error.ejs
388 silly gunzTarPerm modified mode [ 'templates/ejs/error.ejs', 438, 436 ]
389 silly gunzTarPerm extractEntry templates/ejs/index.ejs
390 silly gunzTarPerm modified mode [ 'templates/ejs/index.ejs', 438, 436 ]
391 silly gunzTarPerm extractEntry templates/hbs/error.hbs
392 silly gunzTarPerm modified mode [ 'templates/hbs/error.hbs', 438, 436 ]
393 silly gunzTarPerm extractEntry templates/hbs/index.hbs
394 silly gunzTarPerm modified mode [ 'templates/hbs/index.hbs', 438, 436 ]
395 silly gunzTarPerm extractEntry templates/hbs/layout.hbs
396 silly gunzTarPerm modified mode [ 'templates/hbs/layout.hbs', 438, 436 ]
397 silly gunzTarPerm extractEntry templates/hogan/error.hjs
398 silly gunzTarPerm modified mode [ 'templates/hogan/error.hjs', 438, 436 ]
399 silly gunzTarPerm extractEntry templates/hogan/index.hjs
400 silly gunzTarPerm modified mode [ 'templates/hogan/index.hjs', 438, 436 ]
401 silly gunzTarPerm extractEntry templates/jade/error.jade
402 silly gunzTarPerm modified mode [ 'templates/jade/error.jade', 438, 436 ]
403 silly gunzTarPerm extractEntry templates/jade/index.jade
404 silly gunzTarPerm modified mode [ 'templates/jade/index.jade', 438, 436 ]
405 silly gunzTarPerm extractEntry templates/jade/layout.jade
406 silly gunzTarPerm modified mode [ 'templates/jade/layout.jade', 438, 436 ]
407 silly gunzTarPerm extractEntry templates/js/app.js.ejs
408 silly gunzTarPerm modified mode [ 'templates/js/app.js.ejs', 438, 436 ]
409 silly gunzTarPerm extractEntry templates/js/gitignore
410 silly gunzTarPerm modified mode [ 'templates/js/gitignore', 438, 436 ]
411 silly gunzTarPerm extractEntry templates/js/routes/index.js
412 silly gunzTarPerm modified mode [ 'templates/js/routes/index.js', 438, 436 ]
413 silly gunzTarPerm extractEntry templates/js/routes/users.js
414 silly gunzTarPerm modified mode [ 'templates/js/routes/users.js', 438, 436 ]
415 silly gunzTarPerm extractEntry templates/js/www.ejs
416 silly gunzTarPerm modified mode [ 'templates/js/www.ejs', 438, 436 ]
417 silly gunzTarPerm extractEntry templates/pug/error.pug
418 silly gunzTarPerm modified mode [ 'templates/pug/error.pug', 438, 436 ]
419 silly gunzTarPerm extractEntry templates/pug/index.pug
420 silly gunzTarPerm modified mode [ 'templates/pug/index.pug', 438, 436 ]
421 silly gunzTarPerm extractEntry templates/pug/layout.pug
422 silly gunzTarPerm modified mode [ 'templates/pug/layout.pug', 438, 436 ]
423 silly gunzTarPerm extractEntry templates/twig/error.twig
424 silly gunzTarPerm modified mode [ 'templates/twig/error.twig', 438, 436 ]
425 silly gunzTarPerm extractEntry templates/twig/index.twig
426 silly gunzTarPerm modified mode [ 'templates/twig/index.twig', 438, 436 ]
427 silly gunzTarPerm extractEntry templates/twig/layout.twig
428 silly gunzTarPerm modified mode [ 'templates/twig/layout.twig', 438, 436 ]
429 silly gunzTarPerm extractEntry templates/vash/error.vash
430 silly gunzTarPerm modified mode [ 'templates/vash/error.vash', 438, 436 ]
431 silly gunzTarPerm extractEntry templates/vash/index.vash
432 silly gunzTarPerm modified mode [ 'templates/vash/index.vash', 438, 436 ]
433 silly gunzTarPerm extractEntry templates/vash/layout.vash
434 silly gunzTarPerm modified mode [ 'templates/vash/layout.vash', 438, 436 ]
435 silly gunzTarPerm extractEntry README.md
436 silly gunzTarPerm modified mode [ 'README.md', 420, 436 ]
437 silly gunzTarPerm extractEntry test/
438 silly gunzTarPerm modified mode [ 'test/', 493, 509 ]
439 silly gunzTarPerm extractEntry test/ejs.js
440 silly gunzTarPerm modified mode [ 'test/ejs.js', 420, 436 ]
441 silly gunzTarPerm extractEntry test/fixtures/
442 silly gunzTarPerm modified mode [ 'test/fixtures/', 493, 509 ]
443 silly gunzTarPerm extractEntry test/mocha.opts
444 silly gunzTarPerm modified mode [ 'test/mocha.opts', 420, 436 ]
445 silly gunzTarPerm extractEntry test/tmp/
446 silly gunzTarPerm modified mode [ 'test/tmp/', 493, 509 ]
447 silly gunzTarPerm extractEntry test/tmp/include.ejs
448 silly gunzTarPerm modified mode [ 'test/tmp/include.ejs', 420, 436 ]
449 silly gunzTarPerm extractEntry test/tmp/include_preprocessor.ejs
450 silly gunzTarPerm modified mode [ 'test/tmp/include_preprocessor.ejs', 420, 436 ]
451 silly gunzTarPerm extractEntry test/tmp/renderFile.ejs
452 silly gunzTarPerm modified mode [ 'test/tmp/renderFile.ejs', 420, 436 ]
453 silly gunzTarPerm extractEntry test/fixtures/backslash.ejs
454 silly gunzTarPerm modified mode [ 'test/fixtures/backslash.ejs', 420, 436 ]
455 silly gunzTarPerm extractEntry test/fixtures/backslash.html
456 silly gunzTarPerm modified mode [ 'test/fixtures/backslash.html', 420, 436 ]
457 silly gunzTarPerm extractEntry test/fixtures/comments.ejs
458 silly gunzTarPerm modified mode [ 'test/fixtures/comments.ejs', 420, 436 ]
459 silly gunzTarPerm extractEntry test/fixtures/comments.html
460 silly gunzTarPerm modified mode [ 'test/fixtures/comments.html', 420, 436 ]
461 silly gunzTarPerm extractEntry test/fixtures/consecutive-tags.ejs
462 silly gunzTarPerm modified mode [ 'test/fixtures/consecutive-tags.ejs', 420, 436 ]
463 silly gunzTarPerm extractEntry test/fixtures/consecutive-tags.html
464 silly gunzTarPerm modified mode [ 'test/fixtures/consecutive-tags.html', 420, 436 ]
465 silly gunzTarPerm extractEntry test/fixtures/double-quote.ejs
466 silly gunzTarPerm modified mode [ 'test/fixtures/double-quote.ejs', 420, 436 ]
467 silly gunzTarPerm extractEntry test/fixtures/double-quote.html
468 silly gunzTarPerm modified mode [ 'test/fixtures/double-quote.html', 420, 436 ]
469 silly gunzTarPerm extractEntry test/fixtures/error.ejs
470 silly gunzTarPerm modified mode [ 'test/fixtures/error.ejs', 420, 436 ]
471 silly gunzTarPerm extractEntry test/fixtures/error.out
472 silly gunzTarPerm modified mode [ 'test/fixtures/error.out', 420, 436 ]
473 silly gunzTarPerm extractEntry test/fixtures/fail.ejs
474 silly gunzTarPerm modified mode [ 'test/fixtures/fail.ejs', 420, 436 ]
475 silly gunzTarPerm extractEntry test/fixtures/hello-world.ejs
476 silly gunzTarPerm modified mode [ 'test/fixtures/hello-world.ejs', 420, 436 ]
477 silly gunzTarPerm extractEntry test/fixtures/include-abspath.ejs
478 silly gunzTarPerm modified mode [ 'test/fixtures/include-abspath.ejs', 420, 436 ]
479 silly gunzTarPerm extractEntry test/fixtures/include-root.ejs
480 silly gunzTarPerm modified mode [ 'test/fixtures/include-root.ejs', 420, 436 ]
481 silly gunzTarPerm extractEntry test/fixtures/include-simple.ejs
482 silly gunzTarPerm modified mode [ 'test/fixtures/include-simple.ejs', 420, 436 ]
483 silly gunzTarPerm extractEntry test/fixtures/include-simple.html
484 silly gunzTarPerm modified mode [ 'test/fixtures/include-simple.html', 420, 436 ]
485 silly gunzTarPerm extractEntry test/fixtures/include.css.ejs
486 silly gunzTarPerm modified mode [ 'test/fixtures/include.css.ejs', 420, 436 ]
487 silly gunzTarPerm extractEntry test/fixtures/include.css.html
488 silly gunzTarPerm modified mode [ 'test/fixtures/include.css.html', 420, 436 ]
489 silly gunzTarPerm extractEntry test/fixtures/include.ejs
490 silly gunzTarPerm modified mode [ 'test/fixtures/include.ejs', 420, 436 ]
491 silly gunzTarPerm extractEntry test/fixtures/include.html
492 silly gunzTarPerm modified mode [ 'test/fixtures/include.html', 420, 436 ]
493 silly gunzTarPerm extractEntry test/fixtures/include_cache.ejs
494 silly gunzTarPerm modified mode [ 'test/fixtures/include_cache.ejs', 420, 436 ]
495 silly gunzTarPerm extractEntry test/fixtures/include_cache.html
496 silly gunzTarPerm modified mode [ 'test/fixtures/include_cache.html', 420, 436 ]
497 silly gunzTarPerm extractEntry test/fixtures/include_preprocessor.css.ejs
498 silly gunzTarPerm modified mode [ 'test/fixtures/include_preprocessor.css.ejs', 420, 436 ]
499 silly gunzTarPerm extractEntry test/fixtures/include_preprocessor.css.html
500 silly gunzTarPerm modified mode [ 'test/fixtures/include_preprocessor.css.html', 420, 436 ]
501 silly gunzTarPerm extractEntry test/fixtures/include_preprocessor.ejs
502 silly gunzTarPerm modified mode [ 'test/fixtures/include_preprocessor.ejs', 420, 436 ]
503 silly gunzTarPerm extractEntry test/fixtures/include_preprocessor.html
504 silly gunzTarPerm modified mode [ 'test/fixtures/include_preprocessor.html', 420, 436 ]
505 silly gunzTarPerm extractEntry test/fixtures/include_preprocessor_cache.ejs
506 silly gunzTarPerm modified mode [ 'test/fixtures/include_preprocessor_cache.ejs', 420, 436 ]
507 silly gunzTarPerm extractEntry test/fixtures/include_preprocessor_cache.html
508 silly gunzTarPerm modified mode [ 'test/fixtures/include_preprocessor_cache.html', 420, 436 ]
509 silly gunzTarPerm extractEntry test/fixtures/include_preprocessor_line_slurp.ejs
510 silly gunzTarPerm modified mode [ 'test/fixtures/include_preprocessor_line_slurp.ejs', 420, 436 ]
511 silly gunzTarPerm extractEntry test/fixtures/include_preprocessor_line_slurp.html
512 silly gunzTarPerm modified mode [ 'test/fixtures/include_preprocessor_line_slurp.html',
512 silly gunzTarPerm   420,
512 silly gunzTarPerm   436 ]
513 silly gunzTarPerm extractEntry test/fixtures/include_preprocessor_line_slurp_child.ejs
514 silly gunzTarPerm modified mode [ 'test/fixtures/include_preprocessor_line_slurp_child.ejs',
514 silly gunzTarPerm   420,
514 silly gunzTarPerm   436 ]
515 silly gunzTarPerm extractEntry test/fixtures/includes/
516 silly gunzTarPerm modified mode [ 'test/fixtures/includes/', 493, 509 ]
517 silly gunzTarPerm extractEntry test/fixtures/literal.ejs
518 silly gunzTarPerm modified mode [ 'test/fixtures/literal.ejs', 420, 436 ]
519 silly gunzTarPerm extractEntry test/fixtures/literal.html
520 silly gunzTarPerm modified mode [ 'test/fixtures/literal.html', 420, 436 ]
521 silly gunzTarPerm extractEntry test/fixtures/menu.ejs
522 silly gunzTarPerm modified mode [ 'test/fixtures/menu.ejs', 420, 436 ]
523 silly gunzTarPerm extractEntry test/fixtures/menu.html
524 silly gunzTarPerm modified mode [ 'test/fixtures/menu.html', 420, 436 ]
525 silly gunzTarPerm extractEntry test/fixtures/menu_preprocessor.ejs
526 silly gunzTarPerm modified mode [ 'test/fixtures/menu_preprocessor.ejs', 420, 436 ]
527 silly gunzTarPerm extractEntry test/fixtures/menu_preprocessor.html
528 silly gunzTarPerm modified mode [ 'test/fixtures/menu_preprocessor.html', 420, 436 ]
529 silly gunzTarPerm extractEntry test/fixtures/menu_var.ejs
530 silly gunzTarPerm modified mode [ 'test/fixtures/menu_var.ejs', 420, 436 ]
531 silly gunzTarPerm extractEntry test/fixtures/messed.ejs
532 silly gunzTarPerm modified mode [ 'test/fixtures/messed.ejs', 420, 436 ]
533 silly gunzTarPerm extractEntry test/fixtures/messed.html
534 silly gunzTarPerm modified mode [ 'test/fixtures/messed.html', 420, 436 ]
535 silly gunzTarPerm extractEntry test/fixtures/newlines.ejs
536 silly gunzTarPerm modified mode [ 'test/fixtures/newlines.ejs', 420, 436 ]
537 silly gunzTarPerm extractEntry test/fixtures/newlines.html
538 silly gunzTarPerm modified mode [ 'test/fixtures/newlines.html', 420, 436 ]
539 silly gunzTarPerm extractEntry test/fixtures/newlines.mixed.ejs
540 silly gunzTarPerm modified mode [ 'test/fixtures/newlines.mixed.ejs', 420, 436 ]
541 silly gunzTarPerm extractEntry test/fixtures/newlines.mixed.html
542 silly gunzTarPerm modified mode [ 'test/fixtures/newlines.mixed.html', 420, 436 ]
543 silly gunzTarPerm extractEntry test/fixtures/no.newlines.ejs
544 silly gunzTarPerm modified mode [ 'test/fixtures/no.newlines.ejs', 420, 436 ]
545 silly gunzTarPerm extractEntry test/fixtures/no.newlines.error.ejs
546 silly gunzTarPerm modified mode [ 'test/fixtures/no.newlines.error.ejs', 420, 436 ]
547 silly gunzTarPerm extractEntry test/fixtures/no.newlines.html
548 silly gunzTarPerm modified mode [ 'test/fixtures/no.newlines.html', 420, 436 ]
549 silly gunzTarPerm extractEntry test/fixtures/no.semicolons.ejs
550 silly gunzTarPerm modified mode [ 'test/fixtures/no.semicolons.ejs', 420, 436 ]
551 silly gunzTarPerm extractEntry test/fixtures/no.semicolons.html
552 silly gunzTarPerm modified mode [ 'test/fixtures/no.semicolons.html', 420, 436 ]
553 silly gunzTarPerm extractEntry test/fixtures/para.ejs
554 silly gunzTarPerm modified mode [ 'test/fixtures/para.ejs', 420, 436 ]
555 silly gunzTarPerm extractEntry test/fixtures/pet.ejs
556 silly gunzTarPerm modified mode [ 'test/fixtures/pet.ejs', 420, 436 ]
557 silly gunzTarPerm extractEntry test/fixtures/rmWhitespace.ejs
558 silly gunzTarPerm modified mode [ 'test/fixtures/rmWhitespace.ejs', 420, 436 ]
559 silly gunzTarPerm extractEntry test/fixtures/rmWhitespace.html
560 silly gunzTarPerm modified mode [ 'test/fixtures/rmWhitespace.html', 420, 436 ]
561 silly gunzTarPerm extractEntry test/fixtures/single-quote.ejs
562 silly gunzTarPerm modified mode [ 'test/fixtures/single-quote.ejs', 420, 436 ]
563 silly gunzTarPerm extractEntry test/fixtures/single-quote.html
564 silly gunzTarPerm modified mode [ 'test/fixtures/single-quote.html', 420, 436 ]
565 silly gunzTarPerm extractEntry test/fixtures/space-and-tab-slurp.ejs
566 silly gunzTarPerm modified mode [ 'test/fixtures/space-and-tab-slurp.ejs', 420, 436 ]
567 silly gunzTarPerm extractEntry test/fixtures/space-and-tab-slurp.html
568 silly gunzTarPerm modified mode [ 'test/fixtures/space-and-tab-slurp.html', 420, 436 ]
569 silly gunzTarPerm extractEntry test/fixtures/strict.ejs
570 silly gunzTarPerm modified mode [ 'test/fixtures/strict.ejs', 420, 436 ]
571 silly gunzTarPerm extractEntry test/fixtures/style.css
572 silly gunzTarPerm modified mode [ 'test/fixtures/style.css', 420, 436 ]
573 silly gunzTarPerm extractEntry test/fixtures/user-no-with.ejs
574 silly gunzTarPerm modified mode [ 'test/fixtures/user-no-with.ejs', 420, 436 ]
575 silly gunzTarPerm extractEntry test/fixtures/user.ejs
576 silly gunzTarPerm modified mode [ 'test/fixtures/user.ejs', 420, 436 ]
577 silly gunzTarPerm extractEntry test/fixtures/with-context.ejs
578 silly gunzTarPerm modified mode [ 'test/fixtures/with-context.ejs', 420, 436 ]
579 silly gunzTarPerm extractEntry test/fixtures/includes/bom.ejs
580 silly gunzTarPerm modified mode [ 'test/fixtures/includes/bom.ejs', 420, 436 ]
581 silly gunzTarPerm extractEntry test/fixtures/includes/menu/
582 silly gunzTarPerm modified mode [ 'test/fixtures/includes/menu/', 493, 509 ]
583 silly gunzTarPerm extractEntry test/fixtures/includes/menu-item.ejs
584 silly gunzTarPerm modified mode [ 'test/fixtures/includes/menu-item.ejs', 420, 436 ]
585 silly gunzTarPerm extractEntry test/fixtures/includes/menu/item.ejs
586 silly gunzTarPerm modified mode [ 'test/fixtures/includes/menu/item.ejs', 420, 436 ]
587 silly gunzTarPerm extractEntry lib/ejs.js
588 silly gunzTarPerm modified mode [ 'lib/ejs.js', 420, 436 ]
589 silly gunzTarPerm extractEntry lib/utils.js
590 silly gunzTarPerm modified mode [ 'lib/utils.js', 420, 436 ]
591 silly gentlyRm /home/alexa/.nvm/versions/node/v6.2.1/lib/node_modules/.staging/express-generator-49deb265/node_modules is being purged
592 verbose gentlyRm don't care about contents; nuking /home/alexa/.nvm/versions/node/v6.2.1/lib/node_modules/.staging/express-generator-49deb265/node_modules
593 silly gentlyRm /home/alexa/.nvm/versions/node/v6.2.1/lib/node_modules/.staging/ejs-7dd9fbd2/node_modules is being purged
594 verbose gentlyRm don't care about contents; nuking /home/alexa/.nvm/versions/node/v6.2.1/lib/node_modules/.staging/ejs-7dd9fbd2/node_modules
595 silly doParallel preinstall 2
596 silly preinstall ejs@2.5.6 /home/alexa/.nvm/versions/node/v6.2.1/lib/node_modules/.staging/ejs-7dd9fbd2
597 info lifecycle ejs@2.5.6~preinstall: ejs@2.5.6
598 silly preinstall express-generator@4.15.0 /home/alexa/.nvm/versions/node/v6.2.1/lib/node_modules/.staging/express-generator-49deb265
599 info lifecycle express-generator@4.15.0~preinstall: express-generator@4.15.0
600 silly lifecycle ejs@2.5.6~preinstall: no script for preinstall, continuing
601 silly lifecycle express-generator@4.15.0~preinstall: no script for preinstall, continuing
602 silly doReverseSerial remove 0
603 silly doSerial move 0
604 silly doSerial finalize 2
605 silly finalize /home/alexa/.nvm/versions/node/v6.2.1/lib/node_modules/express-generator/node_modules/ejs
606 silly finalize /home/alexa/.nvm/versions/node/v6.2.1/lib/node_modules/express-generator
607 silly doSerial build 2
608 silly build ejs@2.5.6
609 info linkStuff ejs@2.5.6
610 silly linkStuff ejs@2.5.6 has /home/alexa/.nvm/versions/node/v6.2.1/lib/node_modules/express-generator/node_modules as its parent node_modules
611 silly linkStuff ejs@2.5.6 is part of a global install
612 silly linkStuff ejs@2.5.6 is installed into a global node_modules
613 verbose linkBins ejs@2.5.6
614 verbose linkMans ejs@2.5.6
615 silly build express-generator@4.15.0
616 info linkStuff express-generator@4.15.0
617 silly linkStuff express-generator@4.15.0 has /home/alexa/.nvm/versions/node/v6.2.1/lib/node_modules as its parent node_modules
618 silly linkStuff express-generator@4.15.0 is part of a global install
619 silly linkStuff express-generator@4.15.0 is installed into a global node_modules
620 silly linkStuff express-generator@4.15.0 is installed into the top-level global node_modules
621 verbose linkBins express-generator@4.15.0
622 verbose link bins [ { express: './bin/express-cli.js' },
622 verbose link bins   '/home/alexa/.nvm/versions/node/v6.2.1/bin',
622 verbose link bins   true ]
623 verbose linkMans express-generator@4.15.0
624 silly gentlyRm /home/alexa/.nvm/versions/node/v6.2.1/bin/express is being gently removed
625 silly gentlyRm parent.path = /home/alexa/.nvm/versions/node/v6.2.1
626 silly gentlyRm parent.managed = /home/alexa/.nvm/versions/node/v6.2.1 is in /home/alexa/.nvm/versions/node/v6.2.1
627 silly gentlyRm target.path =  /home/alexa/.nvm/versions/node/v6.2.1/bin/express
628 silly gentlyRm target.symlink = ../lib/node_modules/express-generator/bin/express
629 silly gentlyRm target.managed = false
630 silly gentlyRm target.inParent =  false
631 verbose unlock done using /home/alexa/.npm/_locks/staging-63b6e79427f51e2e.lock for /home/alexa/.nvm/versions/node/v6.2.1/lib/node_modules/.staging
632 silly rollbackFailedOptional Starting
633 silly rollbackFailedOptional Finishing
634 silly runTopLevelLifecycles Starting
635 silly runTopLevelLifecycles Finishing
636 silly install printInstalled
637 verbose stack Error: Refusing to delete /home/alexa/.nvm/versions/node/v6.2.1/bin/express: ../lib/node_modules/express-generator/bin/express symlink target is not controlled by npm /home/alexa/.nvm/versions/node/v6.2.1
637 verbose stack     at clobberFail (/usr/local/lib/node_modules/npm/lib/utils/gently-rm.js:162:12)
637 verbose stack     at isSafeToRm (/usr/local/lib/node_modules/npm/lib/utils/gently-rm.js:152:15)
637 verbose stack     at /usr/local/lib/node_modules/npm/lib/utils/gently-rm.js:93:5
637 verbose stack     at LOOP (/usr/local/lib/node_modules/npm/node_modules/slide/lib/chain.js:7:26)
637 verbose stack     at /usr/local/lib/node_modules/npm/node_modules/slide/lib/chain.js:18:7
637 verbose stack     at /usr/local/lib/node_modules/npm/lib/utils/gently-rm.js:179:14
637 verbose stack     at /usr/local/lib/node_modules/npm/node_modules/iferr/index.js:11:16
637 verbose stack     at /usr/local/lib/node_modules/npm/node_modules/iferr/index.js:11:16
637 verbose stack     at /usr/local/lib/node_modules/npm/node_modules/iferr/index.js:11:16
637 verbose stack     at /usr/local/lib/node_modules/npm/node_modules/iferr/index.js:11:16
638 verbose cwd /home/alexa/Desktop/projects/action
639 error Linux 4.4.0-78-generic
640 error argv "/home/alexa/.nvm/versions/node/v6.2.1/bin/node" "/usr/local/bin/npm" "i" "-g" "express-generator"
641 error node v6.2.1
642 error npm  v3.10.6
643 error path /home/alexa/.nvm/versions/node/v6.2.1/bin/express
644 error code EEXIST
645 error Refusing to delete /home/alexa/.nvm/versions/node/v6.2.1/bin/express: ../lib/node_modules/express-generator/bin/express symlink target is not controlled by npm /home/alexa/.nvm/versions/node/v6.2.1
646 error File exists: /home/alexa/.nvm/versions/node/v6.2.1/bin/express
647 error Move it away, and try again.
648 verbose exit [ 1, true ]
